c:\users\sephe\onedrive\desktop\programing\data structures\dsalabs\dsa labs\dsa labs\x64\debug\vc143.pdb
c:\users\sephe\onedrive\desktop\programing\data structures\dsalabs\dsa labs\dsa labs\x64\debug\vc143.idb
c:\users\sephe\onedrive\desktop\programing\data structures\dsalabs\dsa labs\dsa labs\x64\debug\unittests_lab8.obj
c:\users\sephe\onedrive\desktop\programing\data structures\dsalabs\dsa labs\dsa labs\x64\debug\unittests_lab7.obj
c:\users\sephe\onedrive\desktop\programing\data structures\dsalabs\dsa labs\dsa labs\x64\debug\unittests_lab6.obj
c:\users\sephe\onedrive\desktop\programing\data structures\dsalabs\dsa labs\dsa labs\x64\debug\unittests_lab5.obj
c:\users\sephe\onedrive\desktop\programing\data structures\dsalabs\dsa labs\dsa labs\x64\debug\unittests_lab4.obj
c:\users\sephe\onedrive\desktop\programing\data structures\dsalabs\dsa labs\dsa labs\x64\debug\unittests_lab3.obj
c:\users\sephe\onedrive\desktop\programing\data structures\dsalabs\dsa labs\dsa labs\x64\debug\unittests_lab2.obj
c:\users\sephe\onedrive\desktop\programing\data structures\dsalabs\dsa labs\dsa labs\x64\debug\unittests_lab1.obj
c:\users\sephe\onedrive\desktop\programing\data structures\dsalabs\dsa labs\dsa labs\x64\debug\unittesthelper.obj
c:\users\sephe\onedrive\desktop\programing\data structures\dsalabs\dsa labs\dsa labs\x64\debug\testharness.obj
c:\users\sephe\onedrive\desktop\programing\data structures\dsalabs\dsa labs\dsa labs\x64\debug\memory_management.obj
c:\users\sephe\onedrive\desktop\programing\data structures\dsalabs\dsa labs\dsa labs\x64\debug\dsa_main.obj
c:\users\sephe\onedrive\desktop\programing\data structures\dsalabs\dsa labs\dsa labs\x64\debug\console.obj
c:\users\sephe\onedrive\desktop\programing\data structures\dsalabs\dsa labs\dsa labs\x64\debug\bitstream.obj
c:\users\sephe\onedrive\desktop\programing\data structures\dsalabs\dsa labs\x64\debug\dsa labs.exe
c:\users\sephe\onedrive\desktop\programing\data structures\dsalabs\dsa labs\dsa labs\x64\debug\dsa labs.ilk
c:\users\sephe\onedrive\desktop\programing\data structures\dsalabs\dsa labs\x64\debug\dsa labs.pdb
c:\users\sephe\onedrive\desktop\programing\data structures\dsalabs\dsa labs\dsa labs\x64\debug\dsa labs.tlog\cl.command.1.tlog
c:\users\sephe\onedrive\desktop\programing\data structures\dsalabs\dsa labs\dsa labs\x64\debug\dsa labs.tlog\cl.read.1.tlog
c:\users\sephe\onedrive\desktop\programing\data structures\dsalabs\dsa labs\dsa labs\x64\debug\dsa labs.tlog\cl.write.1.tlog
c:\users\sephe\onedrive\desktop\programing\data structures\dsalabs\dsa labs\dsa labs\x64\debug\dsa labs.tlog\link.command.1.tlog
c:\users\sephe\onedrive\desktop\programing\data structures\dsalabs\dsa labs\dsa labs\x64\debug\dsa labs.tlog\link.read.1.tlog
c:\users\sephe\onedrive\desktop\programing\data structures\dsalabs\dsa labs\dsa labs\x64\debug\dsa labs.tlog\link.write.1.tlog
